Determining if the pthread_create exist failed with the following output:
Change Dir: /home/anuragb/ros_prac/catkin_ws_p1/src/p1/build/catkin_tools_prebuild/CMakeFiles/CMakeTmp

Run Build Command:/usr/bin/make "cmTryCompileExec3927836572/fast"
/usr/bin/make -f CMakeFiles/cmTryCompileExec3927836572.dir/build.make CMakeFiles/cmTryCompileExec3927836572.dir/build
make[1]: Entering directory `/home/anuragb/ros_prac/catkin_ws_p1/src/p1/build/catkin_tools_prebuild/CMakeFiles/CMakeTmp'
/usr/bin/cmake -E cmake_progress_report /home/anuragb/ros_prac/catkin_ws_p1/src/p1/build/catkin_tools_prebuild/CMakeFiles/CMakeTmp/CMakeFiles 1
Building C object CMakeFiles/cmTryCompileExec3927836572.dir/CheckSymbolExists.c.o
/usr/bin/cc    -o CMakeFiles/cmTryCompileExec3927836572.dir/CheckSymbolExists.c.o   -c /home/anuragb/ros_prac/catkin_ws_p1/src/p1/build/catkin_tools_prebuild/CMakeFiles/CMakeTmp/CheckSymbolExists.c
Linking C executable cmTryCompileExec3927836572
/usr/bin/cmake -E cmake_link_script CMakeFiles/cmTryCompileExec3927836572.dir/link.txt --verbose=1
/usr/bin/cc       CMakeFiles/cmTryCompileExec3927836572.dir/CheckSymbolExists.c.o  -o cmTryCompileExec3927836572 -rdynamic 
CMakeFiles/cmTryCompileExec3927836572.dir/CheckSymbolExists.c.o: In function `main':
CheckSymbolExists.c:(.text+0x16): undefined reference to `pthread_create'
collect2: error: ld returned 1 exit status
make[1]: *** [cmTryCompileExec3927836572] Error 1
make[1]: Leaving directory `/home/anuragb/ros_prac/catkin_ws_p1/src/p1/build/catkin_tools_prebuild/CMakeFiles/CMakeTmp'
make: *** [cmTryCompileExec3927836572/fast] Error 2

File /home/anuragb/ros_prac/catkin_ws_p1/src/p1/build/catkin_tools_prebuild/CMakeFiles/CMakeTmp/CheckSymbolExists.c:
/* */
#include <pthread.h>

int main(int argc, char** argv)
{
  (void)argv;
#ifndef pthread_create
  return ((int*)(&pthread_create))[argc];
#else
  (void)argc;
  return 0;
#endif
}

Determining if the function pthread_create exists in the pthreads failed with the following output:
Change Dir: /home/anuragb/ros_prac/catkin_ws_p1/src/p1/build/catkin_tools_prebuild/CMakeFiles/CMakeTmp

Run Build Command:/usr/bin/make "cmTryCompileExec205031578/fast"
/usr/bin/make -f CMakeFiles/cmTryCompileExec205031578.dir/build.make CMakeFiles/cmTryCompileExec205031578.dir/build
make[1]: Entering directory `/home/anuragb/ros_prac/catkin_ws_p1/src/p1/build/catkin_tools_prebuild/CMakeFiles/CMakeTmp'
/usr/bin/cmake -E cmake_progress_report /home/anuragb/ros_prac/catkin_ws_p1/src/p1/build/catkin_tools_prebuild/CMakeFiles/CMakeTmp/CMakeFiles 1
Building C object CMakeFiles/cmTryCompileExec205031578.dir/CheckFunctionExists.c.o
/usr/bin/cc   -DCHECK_FUNCTION_EXISTS=pthread_create   -o CMakeFiles/cmTryCompileExec205031578.dir/CheckFunctionExists.c.o   -c /usr/share/cmake-2.8/Modules/CheckFunctionExists.c
Linking C executable cmTryCompileExec205031578
/usr/bin/cmake -E cmake_link_script CMakeFiles/cmTryCompileExec205031578.dir/link.txt --verbose=1
/usr/bin/cc   -DCHECK_FUNCTION_EXISTS=pthread_create    CMakeFiles/cmTryCompileExec205031578.dir/CheckFunctionExists.c.o  -o cmTryCompileExec205031578 -rdynamic -lpthreads 
/usr/bin/ld: cannot find -lpthreads
collect2: error: ld returned 1 exit status
make[1]: *** [cmTryCompileExec205031578] Error 1
make[1]: Leaving directory `/home/anuragb/ros_prac/catkin_ws_p1/src/p1/build/catkin_tools_prebuild/CMakeFiles/CMakeTmp'
make: *** [cmTryCompileExec205031578/fast] Error 2


