Determining if the pthread_create exist failed with the following output:
Change Dir: /home/dark_knight/ros_prac/catkin_ws_p1/build/CMakeFiles/CMakeTmp

Run Build Command:/usr/bin/make "cmTryCompileExec3900943347/fast"
/usr/bin/make -f CMakeFiles/cmTryCompileExec3900943347.dir/build.make CMakeFiles/cmTryCompileExec3900943347.dir/build
make[1]: Entering directory `/home/dark_knight/ros_prac/catkin_ws_p1/build/CMakeFiles/CMakeTmp'
/usr/bin/cmake -E cmake_progress_report /home/dark_knight/ros_prac/catkin_ws_p1/build/CMakeFiles/CMakeTmp/CMakeFiles 1
Building C object CMakeFiles/cmTryCompileExec3900943347.dir/CheckSymbolExists.c.o
/usr/bin/cc    -o CMakeFiles/cmTryCompileExec3900943347.dir/CheckSymbolExists.c.o   -c /home/dark_knight/ros_prac/catkin_ws_p1/build/CMakeFiles/CMakeTmp/CheckSymbolExists.c
Linking C executable cmTryCompileExec3900943347
/usr/bin/cmake -E cmake_link_script CMakeFiles/cmTryCompileExec3900943347.dir/link.txt --verbose=1
/usr/bin/cc       CMakeFiles/cmTryCompileExec3900943347.dir/CheckSymbolExists.c.o  -o cmTryCompileExec3900943347 -rdynamic 
CMakeFiles/cmTryCompileExec3900943347.dir/CheckSymbolExists.c.o: In function `main':
CheckSymbolExists.c:(.text+0x16): undefined reference to `pthread_create'
collect2: error: ld returned 1 exit status
make[1]: *** [cmTryCompileExec3900943347] Error 1
make[1]: Leaving directory `/home/dark_knight/ros_prac/catkin_ws_p1/build/CMakeFiles/CMakeTmp'
make: *** [cmTryCompileExec3900943347/fast] Error 2

File /home/dark_knight/ros_prac/catkin_ws_p1/build/CMakeFiles/CMakeTmp/CheckSymbolExists.c:
/* */
#include <pthread.h>

int main(int argc, char** argv)
{
  (void)argv;
#ifndef pthread_create
  return ((int*)(&pthread_create))[argc];
#else
  (void)argc;
  return 0;
#endif
}

Determining if the function pthread_create exists in the pthreads failed with the following output:
Change Dir: /home/dark_knight/ros_prac/catkin_ws_p1/build/CMakeFiles/CMakeTmp

Run Build Command:/usr/bin/make "cmTryCompileExec3372282853/fast"
/usr/bin/make -f CMakeFiles/cmTryCompileExec3372282853.dir/build.make CMakeFiles/cmTryCompileExec3372282853.dir/build
make[1]: Entering directory `/home/dark_knight/ros_prac/catkin_ws_p1/build/CMakeFiles/CMakeTmp'
/usr/bin/cmake -E cmake_progress_report /home/dark_knight/ros_prac/catkin_ws_p1/build/CMakeFiles/CMakeTmp/CMakeFiles 1
Building C object CMakeFiles/cmTryCompileExec3372282853.dir/CheckFunctionExists.c.o
/usr/bin/cc   -DCHECK_FUNCTION_EXISTS=pthread_create   -o CMakeFiles/cmTryCompileExec3372282853.dir/CheckFunctionExists.c.o   -c /usr/share/cmake-2.8/Modules/CheckFunctionExists.c
Linking C executable cmTryCompileExec3372282853
/usr/bin/cmake -E cmake_link_script CMakeFiles/cmTryCompileExec3372282853.dir/link.txt --verbose=1
/usr/bin/cc   -DCHECK_FUNCTION_EXISTS=pthread_create    CMakeFiles/cmTryCompileExec3372282853.dir/CheckFunctionExists.c.o  -o cmTryCompileExec3372282853 -rdynamic -lpthreads 
/usr/bin/ld: cannot find -lpthreads
collect2: error: ld returned 1 exit status
make[1]: *** [cmTryCompileExec3372282853] Error 1
make[1]: Leaving directory `/home/dark_knight/ros_prac/catkin_ws_p1/build/CMakeFiles/CMakeTmp'
make: *** [cmTryCompileExec3372282853/fast] Error 2


